[0.619s] Invoking command in '/home/yusp24/ros2_ws/src/mypkg': PYTHONPATH=/home/yusp24/ros2_ws/src/mypkg/build/mypkg/prefix_override:/home/yusp24/ros2_ws/src/mypkg/install/mypkg/lib/python3.8/site-packages:${PYTHONPATH} /usr/bin/python3 setup.py egg_info --egg-base build/mypkg build --build-base /home/yusp24/ros2_ws/src/mypkg/build/mypkg/build install --record /home/yusp24/ros2_ws/src/mypkg/build/mypkg/install.log --install-scripts $base/lib/mypkg --single-version-externally-managed
[0.748s] running egg_info
[0.749s] creating build/mypkg/mypkg.egg-info
[0.749s] writing build/mypkg/mypkg.egg-info/PKG-INFO
[0.749s] writing dependency_links to build/mypkg/mypkg.egg-info/dependency_links.txt
[0.749s] writing entry points to build/mypkg/mypkg.egg-info/entry_points.txt
[0.749s] writing requirements to build/mypkg/mypkg.egg-info/requires.txt
[0.750s] writing top-level names to build/mypkg/mypkg.egg-info/top_level.txt
[0.750s] writing manifest file 'build/mypkg/mypkg.egg-info/SOURCES.txt'
[0.775s] reading manifest file 'build/mypkg/mypkg.egg-info/SOURCES.txt'
[0.775s] writing manifest file 'build/mypkg/mypkg.egg-info/SOURCES.txt'
[0.775s] running build
[0.776s] running build_py
[0.776s] creating /home/yusp24/ros2_ws/src/mypkg/build/mypkg/build
[0.776s] creating /home/yusp24/ros2_ws/src/mypkg/build/mypkg/build/lib
[0.776s] creating /home/yusp24/ros2_ws/src/mypkg/build/mypkg/build/lib/mypkg
[0.777s] copying mypkg/talker.py -> /home/yusp24/ros2_ws/src/mypkg/build/mypkg/build/lib/mypkg
[0.777s] copying mypkg/listener.py -> /home/yusp24/ros2_ws/src/mypkg/build/mypkg/build/lib/mypkg
[0.777s] copying mypkg/__init__.py -> /home/yusp24/ros2_ws/src/mypkg/build/mypkg/build/lib/mypkg
[0.777s] running install
[0.777s] running install_lib
[0.778s] creating /home/yusp24/ros2_ws/src/mypkg/install/mypkg/lib/python3.8/site-packages/mypkg
[0.778s] copying /home/yusp24/ros2_ws/src/mypkg/build/mypkg/build/lib/mypkg/talker.py -> /home/yusp24/ros2_ws/src/mypkg/install/mypkg/lib/python3.8/site-packages/mypkg
[0.779s] copying /home/yusp24/ros2_ws/src/mypkg/build/mypkg/build/lib/mypkg/listener.py -> /home/yusp24/ros2_ws/src/mypkg/install/mypkg/lib/python3.8/site-packages/mypkg
[0.779s] copying /home/yusp24/ros2_ws/src/mypkg/build/mypkg/build/lib/mypkg/__init__.py -> /home/yusp24/ros2_ws/src/mypkg/install/mypkg/lib/python3.8/site-packages/mypkg
[0.779s] byte-compiling /home/yusp24/ros2_ws/src/mypkg/install/mypkg/lib/python3.8/site-packages/mypkg/talker.py to talker.cpython-38.pyc
[0.780s] byte-compiling /home/yusp24/ros2_ws/src/mypkg/install/mypkg/lib/python3.8/site-packages/mypkg/listener.py to listener.cpython-38.pyc
[0.780s] byte-compiling /home/yusp24/ros2_ws/src/mypkg/install/mypkg/lib/python3.8/site-packages/mypkg/__init__.py to __init__.cpython-38.pyc
[0.781s] Sorry: IndentationError: unexpected indent (listener.py, line 10)
[0.781s] running install_data
[0.781s] creating /home/yusp24/ros2_ws/src/mypkg/install/mypkg/share/ament_index
[0.781s] creating /home/yusp24/ros2_ws/src/mypkg/install/mypkg/share/ament_index/resource_index
[0.781s] creating /home/yusp24/ros2_ws/src/mypkg/install/mypkg/share/ament_index/resource_index/packages
[0.782s] copying resource/mypkg -> /home/yusp24/ros2_ws/src/mypkg/install/mypkg/share/ament_index/resource_index/packages
[0.782s] copying package.xml -> /home/yusp24/ros2_ws/src/mypkg/install/mypkg/share/mypkg
[0.782s] running install_egg_info
[0.783s] Copying build/mypkg/mypkg.egg-info to /home/yusp24/ros2_ws/src/mypkg/install/mypkg/lib/python3.8/site-packages/mypkg-0.0.0-py3.8.egg-info
[0.784s] running install_scripts
[0.796s] Installing listener script to /home/yusp24/ros2_ws/src/mypkg/install/mypkg/lib/mypkg
[0.796s] Installing talker script to /home/yusp24/ros2_ws/src/mypkg/install/mypkg/lib/mypkg
[0.797s] writing list of installed files to '/home/yusp24/ros2_ws/src/mypkg/build/mypkg/install.log'
[0.812s] Invoked command in '/home/yusp24/ros2_ws/src/mypkg' returned '0': PYTHONPATH=/home/yusp24/ros2_ws/src/mypkg/build/mypkg/prefix_override:/home/yusp24/ros2_ws/src/mypkg/install/mypkg/lib/python3.8/site-packages:${PYTHONPATH} /usr/bin/python3 setup.py egg_info --egg-base build/mypkg build --build-base /home/yusp24/ros2_ws/src/mypkg/build/mypkg/build install --record /home/yusp24/ros2_ws/src/mypkg/build/mypkg/install.log --install-scripts $base/lib/mypkg --single-version-externally-managed
